<?xml version="1.0" encoding="UTF-8"?>
<!-- Generated by org.testng.reporters.JUnitReportReporter -->
<testsuite skipped="0" hostname="CPU0057" name="tests.Registration" tests="6" failures="0" timestamp="28 Dec 2017 13:26:15 GMT" time="98.881" errors="0">
  <testcase name="verifyAccountInfoAfterRegistration" time="17.027" classname="tests.Registration"/>
  <testcase name="verifyAccountInfoAfterRegistration" time="9.574" classname="tests.Registration"/>
  <testcase name="registrationWithExistingEmail" time="14.184" classname="tests.Registration"/>
  <testcase name="registrationWithExistingEmail" time="24.247" classname="tests.Registration"/>
  <testcase name="registration" time="11.839" classname="tests.Registration"/>
  <testcase name="registration" time="22.010" classname="tests.Registration"/>
</testsuite> <!-- tests.Registration -->
