<?xml version="1.0" encoding="UTF-8"?>
<!-- Generated by org.testng.reporters.JUnitReportReporter -->
<testsuite skipped="0" hostname="CPU0057" name="tests.RegistrationTestCases" tests="6" failures="0" timestamp="25 Dec 2017 06:11:42 GMT" time="89.017" errors="0">
  <testcase name="verifyAccountInfoAfterRegistration" time="9.651" classname="tests.RegistrationTestCases"/>
  <testcase name="registrationWithExistingEmail" time="13.185" classname="tests.RegistrationTestCases"/>
  <testcase name="verifyAccountInfoAfterRegistration" time="17.226" classname="tests.RegistrationTestCases"/>
  <testcase name="registration" time="10.948" classname="tests.RegistrationTestCases"/>
  <testcase name="registrationWithExistingEmail" time="20.922" classname="tests.RegistrationTestCases"/>
  <testcase name="registration" time="17.085" classname="tests.RegistrationTestCases"/>
</testsuite> <!-- tests.RegistrationTestCases -->
