<?xml version="1.0" encoding="UTF-8"?>
<!-- Generated by org.testng.reporters.JUnitReportReporter -->
<testsuite skipped="0" hostname="CPU0057" name="tests.LoginTestCases" tests="4" failures="0" timestamp="25 Dec 2017 13:34:18 GMT" time="63.200" errors="0">
  <testcase name="login" time="20.786" classname="tests.LoginTestCases"/>
  <testcase name="loginWithIncorrectPassword" time="20.664" classname="tests.LoginTestCases"/>
  <testcase name="login" time="12.230" classname="tests.LoginTestCases"/>
  <testcase name="loginWithIncorrectPassword" time="9.520" classname="tests.LoginTestCases"/>
</testsuite> <!-- tests.LoginTestCases -->
