<?xml version="1.0" encoding="UTF-8"?>
<!-- Generated by org.testng.reporters.JUnitReportReporter -->
<testsuite skipped="0" hostname="hp" name="tests.sampleTest" tests="2" failures="0" timestamp="17 Dec 2017 09:11:50 GMT" time="110.536" errors="0">
  <testcase name="testMethod2" time="40.085" classname="tests.sampleTest"/>
  <testcase name="testMethod1" time="70.451" classname="tests.sampleTest"/>
</testsuite> <!-- tests.sampleTest -->
