<?xml version="1.0" encoding="UTF-8"?>
<!-- Generated by org.testng.reporters.JUnitReportReporter -->
<testsuite skipped="0" hostname="CPU0057" name="tests.Login" tests="4" failures="0" timestamp="28 Dec 2017 13:26:15 GMT" time="62.849" errors="0">
  <testcase name="login" time="11.202" classname="tests.Login"/>
  <testcase name="login" time="21.757" classname="tests.Login"/>
  <testcase name="loginWithIncorrectPassword" time="9.649" classname="tests.Login"/>
  <testcase name="loginWithIncorrectPassword" time="20.241" classname="tests.Login"/>
</testsuite> <!-- tests.Login -->
