<?xml version="1.0" encoding="UTF-8"?>
<!-- Generated by org.testng.reporters.JUnitReportReporter -->
<testsuite skipped="0" hostname="CPU0057" name="tests.Login" tests="2" failures="0" timestamp="08 Jan 2018 10:08:08 GMT" time="24.366" errors="0">
  <testcase name="login" time="14.773" classname="tests.Login"/>
  <testcase name="loginWithIncorrectPassword" time="9.593" classname="tests.Login"/>
</testsuite> <!-- tests.Login -->
