<?xml version="1.0" encoding="UTF-8"?>
<!-- Generated by org.testng.reporters.JUnitReportReporter -->
<testsuite skipped="0" hostname="CPU0057" name="tests.RegistrationTestCases" tests="6" failures="0" timestamp="25 Dec 2017 13:34:18 GMT" time="93.210" errors="0">
  <testcase name="verifyAccountInfoAfterRegistration" time="9.667" classname="tests.RegistrationTestCases"/>
  <testcase name="registrationWithExistingEmail" time="21.456" classname="tests.RegistrationTestCases"/>
  <testcase name="registrationWithExistingEmail" time="15.233" classname="tests.RegistrationTestCases"/>
  <testcase name="verifyAccountInfoAfterRegistration" time="16.844" classname="tests.RegistrationTestCases"/>
  <testcase name="registration" time="11.939" classname="tests.RegistrationTestCases"/>
  <testcase name="registration" time="18.071" classname="tests.RegistrationTestCases"/>
</testsuite> <!-- tests.RegistrationTestCases -->
