<?xml version="1.0" encoding="UTF-8"?>
<!-- Generated by org.testng.reporters.JUnitReportReporter -->
<testsuite skipped="0" hostname="CPU0057" name="tests.LoginTestCases" tests="4" failures="0" timestamp="25 Dec 2017 06:11:42 GMT" time="61.728" errors="0">
  <testcase name="loginWithIncorrectPassword" time="18.953" classname="tests.LoginTestCases"/>
  <testcase name="loginWithIncorrectPassword" time="8.435" classname="tests.LoginTestCases"/>
  <testcase name="login" time="22.705" classname="tests.LoginTestCases"/>
  <testcase name="login" time="11.635" classname="tests.LoginTestCases"/>
</testsuite> <!-- tests.LoginTestCases -->
